# JRE version: OpenJDK Runtime Environment (8.0_212-b04) (build 1.8.0_212-release-1586-b04)
# Java VM: OpenJDK 64-Bit Server VM (25.212-b04 mixed mode windows-amd64 compressed oops)
Heap:
 PSYoungGen      total 407040K, used 86643K [0x00000000e0000000, 0x0000000100000000, 0x0000000100000000)
  eden space 352256K, 9% used [0x00000000e0000000,0x00000000e1f239c8,0x00000000f5800000)
  from space 54784K, 99% used [0x00000000f5800000,0x00000000f8d793f0,0x00000000f8d80000)
  to   space 87552K, 0% used [0x00000000faa80000,0x00000000faa80000,0x0000000100000000)
 ParOldGen       total 237568K, used 68195K [0x00000000a0000000, 0x00000000ae800000, 0x00000000e0000000)
  object space 237568K, 28% used [0x00000000a0000000,0x00000000a4298e38,0x00000000ae800000)
 Metaspace       used 139859K, capacity 150609K, committed 150784K, reserved 1179648K
  class space    used 18065K, capacity 19852K, committed 19968K, reserved 1048576K
GC Heap History (10 events):
Event: 3525.189 GC heap before
{Heap before GC invocations=27 (full 4):
 PSYoungGen      total 466944K, used 458041K [0x00000000e0000000, 0x0000000100000000, 0x0000000100000000)
  eden space 417792K, 100% used [0x00000000e0000000,0x00000000f9800000,0x00000000f9800000)
  from space 49152K, 81% used [0x00000000fd000000,0x00000000ff74e530,0x0000000100000000)
  to   space 53248K, 0% used [0x00000000f9800000,0x00000000f9800000,0x00000000fcc00000)
 ParOldGen       total 237568K, used 50226K [0x00000000a0000000, 0x00000000ae800000, 0x00000000e0000000)
  object space 237568K, 21% used [0x00000000a0000000,0x00000000a310c990,0x00000000ae800000)
 Metaspace       used 120652K, capacity 129497K, committed 129792K, reserved 1161216K
  class space    used 15893K, capacity 17326K, committed 17408K, reserved 1048576K
Event: 3525.289 GC heap after
Heap after GC invocations=27 (full 4):
 PSYoungGen      total 471040K, used 53236K [0x00000000e0000000, 0x0000000100000000, 0x0000000100000000)
  eden space 417792K, 0% used [0x00000000e0000000,0x00000000e0000000,0x00000000f9800000)
  from space 53248K, 99% used [0x00000000f9800000,0x00000000fcbfd048,0x00000000fcc00000)
  to   space 53248K, 0% used [0x00000000fcc00000,0x00000000fcc00000,0x0000000100000000)
 ParOldGen       total 237568K, used 59830K [0x00000000a0000000, 0x00000000ae800000, 0x00000000e0000000)
  object space 237568K, 25% used [0x00000000a0000000,0x00000000a3a6d820,0x00000000ae800000)
 Metaspace       used 120652K, capacity 129497K, committed 129792K, reserved 1161216K
  class space    used 15893K, capacity 17326K, committed 17408K, reserved 1048576K
}
Event: 4843.843 GC heap before
{Heap before GC invocations=28 (full 4):
 PSYoungGen      total 471040K, used 471028K [0x00000000e0000000, 0x0000000100000000, 0x0000000100000000)
  eden space 417792K, 100% used [0x00000000e0000000,0x00000000f9800000,0x00000000f9800000)
  from space 53248K, 99% used [0x00000000f9800000,0x00000000fcbfd048,0x00000000fcc00000)
  to   space 53248K, 0% used [0x00000000fcc00000,0x00000000fcc00000,0x0000000100000000)
 ParOldGen       total 237568K, used 59830K [0x00000000a0000000, 0x00000000ae800000, 0x00000000e0000000)
  object space 237568K, 25% used [0x00000000a0000000,0x00000000a3a6d820,0x00000000ae800000)
 Metaspace       used 129344K, capacity 138827K, committed 139008K, reserved 1169408K
  class space    used 16705K, capacity 18335K, committed 18432K, reserved 1048576K
Event: 4843.964 GC heap after
Heap after GC invocations=28 (full 4):
 PSYoungGen      total 429056K, used 53220K [0x00000000e0000000, 0x0000000100000000, 0x0000000100000000)
  eden space 375808K, 0% used [0x00000000e0000000,0x00000000e0000000,0x00000000f6f00000)
  from space 53248K, 99% used [0x00000000fcc00000,0x00000000ffff9118,0x0000000100000000)
  to   space 74240K, 0% used [0x00000000f6f00000,0x00000000f6f00000,0x00000000fb780000)
 ParOldGen       total 237568K, used 68171K [0x00000000a0000000, 0x00000000ae800000, 0x00000000e0000000)
  object space 237568K, 28% used [0x00000000a0000000,0x00000000a4292e38,0x00000000ae800000)
 Metaspace       used 129344K, capacity 138827K, committed 139008K, reserved 1169408K
  class space    used 16705K, capacity 18335K, committed 18432K, reserved 1048576K
}
Event: 4848.386 GC heap before
{Heap before GC invocations=29 (full 4):
 PSYoungGen      total 429056K, used 429028K [0x00000000e0000000, 0x0000000100000000, 0x0000000100000000)
  eden space 375808K, 100% used [0x00000000e0000000,0x00000000f6f00000,0x00000000f6f00000)
  from space 53248K, 99% used [0x00000000fcc00000,0x00000000ffff9118,0x0000000100000000)
  to   space 74240K, 0% used [0x00000000f6f00000,0x00000000f6f00000,0x00000000fb780000)
 ParOldGen       total 237568K, used 68171K [0x00000000a0000000, 0x00000000ae800000, 0x00000000e0000000)
  object space 237568K, 28% used [0x00000000a0000000,0x00000000a4292e38,0x00000000ae800000)
 Metaspace       used 138748K, capacity 149499K, committed 149632K, reserved 1179648K
  class space    used 18034K, capacity 19837K, committed 19840K, reserved 1048576K
Event: 4848.438 GC heap after
Heap after GC invocations=29 (full 4):
 PSYoungGen      total 441856K, used 65801K [0x00000000e0000000, 0x0000000100000000, 0x0000000100000000)
  eden space 375808K, 0% used [0x00000000e0000000,0x00000000e0000000,0x00000000f6f00000)
  from space 66048K, 99% used [0x00000000f6f00000,0x00000000faf42780,0x00000000faf80000)
  to   space 82432K, 0% used [0x00000000faf80000,0x00000000faf80000,0x0000000100000000)
 ParOldGen       total 237568K, used 68179K [0x00000000a0000000, 0x00000000ae800000, 0x00000000e0000000)
  object space 237568K, 28% used [0x00000000a0000000,0x00000000a4294e38,0x00000000ae800000)
 Metaspace       used 138748K, capacity 149499K, committed 149632K, reserved 1179648K
  class space    used 18034K, capacity 19837K, committed 19840K, reserved 1048576K
}
Event: 4849.854 GC heap before
{Heap before GC invocations=30 (full 4):
 PSYoungGen      total 441856K, used 441609K [0x00000000e0000000, 0x0000000100000000, 0x0000000100000000)
  eden space 375808K, 100% used [0x00000000e0000000,0x00000000f6f00000,0x00000000f6f00000)
  from space 66048K, 99% used [0x00000000f6f00000,0x00000000faf42780,0x00000000faf80000)
  to   space 82432K, 0% used [0x00000000faf80000,0x00000000faf80000,0x0000000100000000)
 ParOldGen       total 237568K, used 68179K [0x00000000a0000000, 0x00000000ae800000, 0x00000000e0000000)
  object space 237568K, 28% used [0x00000000a0000000,0x00000000a4294e38,0x00000000ae800000)
 Metaspace       used 139436K, capacity 150199K, committed 150528K, reserved 1179648K
  class space    used 18046K, capacity 19851K, committed 19968K, reserved 1048576K
Event: 4849.913 GC heap after
Heap after GC invocations=30 (full 4):
 PSYoungGen      total 434688K, used 55312K [0x00000000e0000000, 0x0000000100000000, 0x0000000100000000)
  eden space 352256K, 0% used [0x00000000e0000000,0x00000000e0000000,0x00000000f5800000)
  from space 82432K, 67% used [0x00000000faf80000,0x00000000fe584180,0x0000000100000000)
  to   space 86016K, 0% used [0x00000000f5800000,0x00000000f5800000,0x00000000fac00000)
 ParOldGen       total 237568K, used 68187K [0x00000000a0000000, 0x00000000ae800000, 0x00000000e0000000)
  object space 237568K, 28% used [0x00000000a0000000,0x00000000a4296e38,0x00000000ae800000)
 Metaspace       used 139436K, capacity 150199K, committed 150528K, reserved 1179648K
  class space    used 18046K, capacity 19851K, committed 19968K, reserved 1048576K
}
Event: 4852.762 GC heap before
{Heap before GC invocations=31 (full 4):
 PSYoungGen      total 434688K, used 407568K [0x00000000e0000000, 0x0000000100000000, 0x0000000100000000)
  eden space 352256K, 100% used [0x00000000e0000000,0x00000000f5800000,0x00000000f5800000)
  from space 82432K, 67% used [0x00000000faf80000,0x00000000fe584180,0x0000000100000000)
  to   space 86016K, 0% used [0x00000000f5800000,0x00000000f5800000,0x00000000fac00000)
 ParOldGen       total 237568K, used 68187K [0x00000000a0000000, 0x00000000ae800000, 0x00000000e0000000)
  object space 237568K, 28% used [0x00000000a0000000,0x00000000a4296e38,0x00000000ae800000)
 Metaspace       used 139752K, capacity 150477K, committed 150784K, reserved 1179648K
  class space    used 18064K, capacity 19852K, committed 19968K, reserved 1048576K
Event: 4852.872 GC heap after
Heap after GC invocations=31 (full 4):
 PSYoungGen      total 407040K, used 54756K [0x00000000e0000000, 0x0000000100000000, 0x0000000100000000)
  eden space 352256K, 0% used [0x00000000e0000000,0x00000000e0000000,0x00000000f5800000)
  from space 54784K, 99% used [0x00000000f5800000,0x00000000f8d793f0,0x00000000f8d80000)
  to   space 87552K, 0% used [0x00000000faa80000,0x00000000faa80000,0x0000000100000000)
 ParOldGen       total 237568K, used 68195K [0x00000000a0000000, 0x00000000ae800000, 0x00000000e0000000)
  object space 237568K, 28% used [0x00000000a0000000,0x00000000a4298e38,0x00000000ae800000)
 Metaspace       used 139752K, capacity 150477K, committed 150784K, reserved 1179648K
  class space    used 18064K, capacity 19852K, committed 19968K, reserved 1048576K
}

